  framework.cpp
C:\Users\User\Documents\Projektjeim\MyProjects\C++\UFO hami\GrafikaHF1\GrafikaHF1\Programs\Skeleton\Skeleton\framework.h(167,17): warning C4996: 'fopen': This function or variable may be unsafe. Consider using fopen_s instead. To disable deprecation, use _CRT_SECURE_NO_WARNINGS. See online help for details.
  (compiling source file 'framework.cpp')
  
  Skeleton.cpp
C:\Users\User\Documents\Projektjeim\MyProjects\C++\UFO hami\GrafikaHF1\GrafikaHF1\Programs\Skeleton\Skeleton\framework.h(167,17): warning C4996: 'fopen': This function or variable may be unsafe. Consider using fopen_s instead. To disable deprecation, use _CRT_SECURE_NO_WARNINGS. See online help for details.
  (compiling source file 'Skeleton.cpp')
  
C:\Users\User\Documents\Projektjeim\MyProjects\C++\UFO hami\GrafikaHF1\GrafikaHF1\Programs\Skeleton\Skeleton\Skeleton.cpp(79,23): warning C4244: 'argument': conversion from 'double' to 'float', possible loss of data
C:\Users\User\Documents\Projektjeim\MyProjects\C++\UFO hami\GrafikaHF1\GrafikaHF1\Programs\Skeleton\Skeleton\Skeleton.cpp(79,34): warning C4244: 'argument': conversion from 'double' to 'float', possible loss of data
C:\Users\User\Documents\Projektjeim\MyProjects\C++\UFO hami\GrafikaHF1\GrafikaHF1\Programs\Skeleton\Skeleton\Skeleton.cpp(89,18): warning C4244: 'argument': conversion from 'double' to 'float', possible loss of data
C:\Users\User\Documents\Projektjeim\MyProjects\C++\UFO hami\GrafikaHF1\GrafikaHF1\Programs\Skeleton\Skeleton\Skeleton.cpp(89,58): warning C4244: 'argument': conversion from 'double' to 'float', possible loss of data
C:\Users\User\Documents\Projektjeim\MyProjects\C++\UFO hami\GrafikaHF1\GrafikaHF1\Programs\Skeleton\Skeleton\Skeleton.cpp(93,42): warning C4244: 'argument': conversion from 'double' to 'float', possible loss of data
C:\Users\User\Documents\Projektjeim\MyProjects\C++\UFO hami\GrafikaHF1\GrafikaHF1\Programs\Skeleton\Skeleton\Skeleton.cpp(101,13): warning C4244: 'return': conversion from 'double' to 'float', possible loss of data
C:\Users\User\Documents\Projektjeim\MyProjects\C++\UFO hami\GrafikaHF1\GrafikaHF1\Programs\Skeleton\Skeleton\Skeleton.cpp(109,21): warning C4244: 'argument': conversion from 'double' to 'float', possible loss of data
C:\Users\User\Documents\Projektjeim\MyProjects\C++\UFO hami\GrafikaHF1\GrafikaHF1\Programs\Skeleton\Skeleton\Skeleton.cpp(109,50): warning C4244: 'argument': conversion from 'double' to 'float', possible loss of data
C:\Users\User\Documents\Projektjeim\MyProjects\C++\UFO hami\GrafikaHF1\GrafikaHF1\Programs\Skeleton\Skeleton\Skeleton.cpp(114,14): warning C4244: 'return': conversion from 'double' to 'float', possible loss of data
C:\Users\User\Documents\Projektjeim\MyProjects\C++\UFO hami\GrafikaHF1\GrafikaHF1\Programs\Skeleton\Skeleton\Skeleton.cpp(118,26): warning C4244: 'argument': conversion from 'double' to 'float', possible loss of data
C:\Users\User\Documents\Projektjeim\MyProjects\C++\UFO hami\GrafikaHF1\GrafikaHF1\Programs\Skeleton\Skeleton\Skeleton.cpp(118,59): warning C4244: 'argument': conversion from 'double' to 'float', possible loss of data
C:\Users\User\Documents\Projektjeim\MyProjects\C++\UFO hami\GrafikaHF1\GrafikaHF1\Programs\Skeleton\Skeleton\Skeleton.cpp(119,19): warning C4244: 'argument': conversion from 'double' to 'float', possible loss of data
C:\Users\User\Documents\Projektjeim\MyProjects\C++\UFO hami\GrafikaHF1\GrafikaHF1\Programs\Skeleton\Skeleton\Skeleton.cpp(217,40): warning C4305: 'argument': truncation from 'double' to 'float'
C:\Users\User\Documents\Projektjeim\MyProjects\C++\UFO hami\GrafikaHF1\GrafikaHF1\Programs\Skeleton\Skeleton\Skeleton.cpp(237,39): warning C4305: 'argument': truncation from 'double' to 'float'
C:\Users\User\Documents\Projektjeim\MyProjects\C++\UFO hami\GrafikaHF1\GrafikaHF1\Programs\Skeleton\Skeleton\Skeleton.cpp(268,42): warning C4305: 'argument': truncation from 'double' to 'float'
C:\Users\User\Documents\Projektjeim\MyProjects\C++\UFO hami\GrafikaHF1\GrafikaHF1\Programs\Skeleton\Skeleton\Skeleton.cpp(282,24): warning C4244: '=': conversion from 'double' to 'float', possible loss of data
C:\Users\User\Documents\Projektjeim\MyProjects\C++\UFO hami\GrafikaHF1\GrafikaHF1\Programs\Skeleton\Skeleton\Skeleton.cpp(304,59): warning C4305: 'argument': truncation from 'double' to 'float'
C:\Users\User\Documents\Projektjeim\MyProjects\C++\UFO hami\GrafikaHF1\GrafikaHF1\Programs\Skeleton\Skeleton\Skeleton.cpp(309,60): warning C4305: 'argument': truncation from 'double' to 'float'
C:\Users\User\Documents\Projektjeim\MyProjects\C++\UFO hami\GrafikaHF1\GrafikaHF1\Programs\Skeleton\Skeleton\Skeleton.cpp(347,43): warning C4244: 'argument': conversion from 'double' to 'float', possible loss of data
C:\Users\User\Documents\Projektjeim\MyProjects\C++\UFO hami\GrafikaHF1\GrafikaHF1\Programs\Skeleton\Skeleton\Skeleton.cpp(347,80): warning C4244: 'argument': conversion from 'double' to 'float', possible loss of data
  Generating code
  214 of 219 functions (97.7%) were compiled, the rest were copied from previous compilation.
    3 functions were new in current compilation
    1 functions had inline decision re-evaluated but remain unchanged
  Finished generating code
  Skeleton.vcxproj -> C:\Users\User\Documents\Projektjeim\MyProjects\C++\UFO hami\GrafikaHF1\GrafikaHF1\Programs\Skeleton\bin\Skeleton.exe
